<html>
<head>
<title>TestNG:  Default test</title>
<link href="../testng.css" rel="stylesheet" type="text/css" />
<link href="../my-testng.css" rel="stylesheet" type="text/css" />

<style type="text/css">
.log { display: none;} 
.stack-trace { display: none;} 
</style>
<script type="text/javascript">
<!--
function flip(e) {
  current = e.style.display;
  if (current == 'block') {
    e.style.display = 'none';
    return 0;
  }
  else {
    e.style.display = 'block';
    return 1;
  }
}

function toggleBox(szDivId, elem, msg1, msg2)
{
  var res = -1;  if (document.getElementById) {
    res = flip(document.getElementById(szDivId));
  }
  else if (document.all) {
    // this is the way old msie versions work
    res = flip(document.all[szDivId]);
  }
  if(elem) {
    if(res == 0) elem.innerHTML = msg1; else elem.innerHTML = msg2;
  }

}

function toggleAllBoxes() {
  if (document.getElementsByTagName) {
    d = document.getElementsByTagName('div');
    for (i = 0; i < d.length; i++) {
      if (d[i].className == 'log') {
        flip(d[i]);
      }
    }
  }
}

// -->
</script>

</head>
<body>
<h2 align='center'>Default test</h2><table border='1' align="center">
<tr>
<td>Tests passed/Failed/Skipped:</td><td>0/5/0</td>
</tr><tr>
<td>Started on:</td><td>Tue Nov 13 13:46:45 NZDT 2018</td>
</tr>
<tr><td>Total time:</td><td>29 seconds (29865 ms)</td>
</tr><tr>
<td>Included groups:</td><td></td>
</tr><tr>
<td>Excluded groups:</td><td></td>
</tr>
</table><p/>
<small><i>(Hover the method name to see the test class name)</i></small><p/>
<table width='100%' border='1' class='invocation-failed'>
<tr><td colspan='4' align='center'><b>FAILED TESTS</b></td></tr>
<tr><td><b>Test method</b></td>
<td width="30%"><b>Exception</b></td>
<td width="10%"><b>Time (seconds)</b></td>
<td><b>Instance</b></td>
</tr>
<tr>
<td title='com.qa.purchaseorder.testcase.PuchaseOrderTest.fill_Form_Test()'><b>fill_Form_Test</b><br>Test class: com.qa.purchaseorder.testcase.PuchaseOrderTest<br>Parameters: {Are you making this request on behalf of someone else?(onBehalf)=No, Unit price (excl. GST)(lineItemUnitPrice5)= , Email address(emailAddress)= , First name(givenName)=Sophie, Description(lineItemDescription5)= , Project code(deptProjCode)= , Is this request for BOC(typeOfRequest)=No, Quantity(lineItemQuantity4)= , Is the request to be charged to a(requestToBeChargedTo)=Department/Service Division, Enter BOC customer account number(bocCustomerAccount)= , UPI/Username(uid)=ZAI148, Upload PhD PReSS account spreadsheet(pressAccount)= , Supplier number(supplierNumber)=0000010755, Upload details of the split you require(costCentreSPlitUpload)= , Cost centre code(costCentre)=1644, Supplier product code(lineItemSupplierPartID5)= , Internal UOA Product Code(internalProductCode)= , Select the department, faculty or service division this request is for:(departmentFaculty)=Faculty of Science, Delivery room number(deliveryRoomNumber)=140, Delivery city(deliveryCity)=Auckland, Suppress PO price from supplier?(suppressPoAmount)= , Description(lineItemDescription)=Autoclave Safety Valve Callibration, How many line items are you requesting?(numberOfLineItems)=1, Select the faculty or service division this request is for:(facultyServiceDiv)=Financial Services, First name(fName)= , Unit price (excl. GST)(lineItemUnitPrice6)= , Request-Status=180925-000008, Description(lineItemDescription6)= , Topic Id=1580, Delivery building number(deliveryBuildingNumber)=903, Quantity(lineItemQuantity)=1, Quantity(lineItemQuantity3)= , Supplier product code(lineItemSupplierPartID6)= , Date goods/services are needed(dateNeeded)=28/10/2018, Last name(lName)= , UPI/Username(requestorUpi)= , Supplier product code(lineItemSupplierPartID2)= , The requestor is(isStudent)=Staff, Upload additional documents(Upload1)= , Internal UOA Product Code(internalUoaProductCode1)= , Queue Id=205, Please select one(isStudent)= , Account code(accountCode)=775040, Unit price (excl. GST)(lineItemUnitPrice2)= , FORM_SUBMIT_DATE=03/10/2018 10:03:27, Supplier product code(lineItemSupplierPartID)=001, Are you making this request on behalf of someone else? e.g. someone else is the primary contact for this order(onBehalf)=No, Do you want to split this purchase order across cost centres, account codes or projects?(costCentreSplit)=No, Description(lineItemDescription3)= , Additional information(additionalInformation)= , Delivery address line 2(deliveryAddress2)=CBD, acknowledgement(acknowledgement)=I acknowledge that this request complies with University of Auckland Procurement Policy, Form Submission PDF(formSubmissionPDF)=, Quantity(lineItemQuantity2)= , Quantity(lineItemQuantity6)= , Project code(researchProjCode)= , Last name(sn)=Tregonning, Submitter=stre841, Supplier product code(lineItemSupplierPartID3)= , Upload 3(upload3)= , Request currency(requestCurrency)=NZD (New Zealand), Please provide your supervisor's UPI/Username(supervisorUPI)= , Upload 2(upload2)= , Supplier notes(supplierNotes)=Testing Supplier notes , Description(lineItemDescription2)= , Project code(phdProjCode)= , Account code(accountCodePress)= , Upload supervisors approval(supvApproval)= , Unit price (excl. GST)(lineItemUnitPrice3)= , Delivery post code(deliveryPostCode)=1023, Unit price (excl. GST)(lineItemUnitPrice4)= , Upload additional documents(upload2)=, Internal UOA Product Code(internalProductCode2)= , Description(lineItemDescription4)= , Upload additional documents for the supplier(Upload1)=, Email address(mail)=s.tregonning@auckland.ac.nz, Enter any additional notes about the split(splitComments)= , Quantity(lineItemQuantity5)= , Please attach a supporting document if there are more than 6 items(moreThanSixFile)= , Supplier product code(lineItemSupplierPartID4)= , Unit price (excl. GST)(lineItemUnitPrice)=134.9, Delivery address line 1(deliveryAddress1)=262 Khyber Pass, Supplier name(supplierName)=WIKA Instruments Limited}</td>
<td><div><pre>java.lang.AssertionError: Missing/incorrect values provided to the fields in the form expected [true] but found [false]
	at org.testng.Assert.fail(Assert.java:96)
	at org.testng.Assert.failNotEquals(Assert.java:776)
	at org.testng.Assert.assertEqualsImpl(Assert.java:137)
	at org.testng.Assert.assertEquals(Assert.java:118)
	at org.testng.Assert.assertEquals(Assert.java:568)
	at com.qa.purchaseorder.testcase.PuchaseOrderTest.fill_Form_Test(PuchaseOrderTest.java:334)
	at sun.reflect.NativeMethodAccessorImpl.invoke0(Native Method)
	at sun.reflect.NativeMethodAccessorImpl.invoke(NativeMethodAccessorImpl.java:62)
	at sun.reflect.DelegatingMethodAccessorImpl.invoke(DelegatingMethodAccessorImpl.java:43)
	at java.lang.reflect.Method.invoke(Method.java:498)
	at org.testng.internal.MethodInvocationHelper.invokeMethod(MethodInvocationHelper.java:124)
	at org.testng.internal.Invoker.invokeMethod(Invoker.java:580)
	at org.testng.internal.Invoker.invokeTestMethod(Invoker.java:716)
	at org.testng.internal.Invoker.invokeTestMethods(Invoker.java:988)
	at org.testng.internal.TestMethodWorker.invokeTestMethods(TestMethodWorker.java:125)
	at org.testng.internal.TestMethodWorker.run(TestMethodWorker.java:109)
	at org.testng.TestRunner.privateRun(TestRunner.java:648)
	at org.testng.TestRunner.run(TestRunner.java:505)
	at org.testng.SuiteRunner.runTest(SuiteRunner.java:455)
	at org.testng.SuiteRunner.runSequentially(SuiteRunner.java:450)
	at org.testng.SuiteRunner.privateRun(SuiteRunner.java:415)
	at org.testng.SuiteRunner.run(SuiteRunner.java:364)
	at org.testng.SuiteRunnerWorker.runSuite(SuiteRunnerWorker.java:52)
	at org.testng.SuiteRunnerWorker.run(SuiteRunnerWorker.java:84)
	at org.testng.TestNG.runSuitesSequentially(TestNG.java:1208)
	at org.testng.TestNG.runSuitesLocally(TestNG.java:1137)
	at org.testng.TestNG.runSuites(TestNG.java:1049)
	at org.testng.TestNG.run(TestNG.java:1017)
	at org.testng.remote.AbstractRemoteTestNG.run(AbstractRemoteTestNG.java:114)
	at org.testng.remote.RemoteTestNG.initAndRun(RemoteTestNG.java:251)
	at org.testng.remote.RemoteTestNG.main(RemoteTestNG.java:77)
</pre></div><a href='#' onClick='toggleBox("stack-trace1754451055", this, "Click to show all stack frames", "Click to hide stack frames")'>Click to show all stack frames</a>
<div class='stack-trace' id='stack-trace1754451055'><pre>java.lang.AssertionError: Missing/incorrect values provided to the fields in the form expected [true] but found [false]
	at org.testng.Assert.fail(Assert.java:96)
	at org.testng.Assert.failNotEquals(Assert.java:776)
	at org.testng.Assert.assertEqualsImpl(Assert.java:137)
	at org.testng.Assert.assertEquals(Assert.java:118)
	at org.testng.Assert.assertEquals(Assert.java:568)
	at com.qa.purchaseorder.testcase.PuchaseOrderTest.fill_Form_Test(PuchaseOrderTest.java:334)
	at sun.reflect.NativeMethodAccessorImpl.invoke0(Native Method)
	at sun.reflect.NativeMethodAccessorImpl.invoke(NativeMethodAccessorImpl.java:62)
	at sun.reflect.DelegatingMethodAccessorImpl.invoke(DelegatingMethodAccessorImpl.java:43)
	at java.lang.reflect.Method.invoke(Method.java:498)
	at org.testng.internal.MethodInvocationHelper.invokeMethod(MethodInvocationHelper.java:124)
	at org.testng.internal.Invoker.invokeMethod(Invoker.java:580)
	at org.testng.internal.Invoker.invokeTestMethod(Invoker.java:716)
	at org.testng.internal.Invoker.invokeTestMethods(Invoker.java:988)
	at org.testng.internal.TestMethodWorker.invokeTestMethods(TestMethodWorker.java:125)
	at org.testng.internal.TestMethodWorker.run(TestMethodWorker.java:109)
	at org.testng.TestRunner.privateRun(TestRunner.java:648)
	at org.testng.TestRunner.run(TestRunner.java:505)
	at org.testng.SuiteRunner.runTest(SuiteRunner.java:455)
	at org.testng.SuiteRunner.runSequentially(SuiteRunner.java:450)
	at org.testng.SuiteRunner.privateRun(SuiteRunner.java:415)
	at org.testng.SuiteRunner.run(SuiteRunner.java:364)
	at org.testng.SuiteRunnerWorker.runSuite(SuiteRunnerWorker.java:52)
	at org.testng.SuiteRunnerWorker.run(SuiteRunnerWorker.java:84)
	at org.testng.TestNG.runSuitesSequentially(TestNG.java:1208)
	at org.testng.TestNG.runSuitesLocally(TestNG.java:1137)
	at org.testng.TestNG.runSuites(TestNG.java:1049)
	at org.testng.TestNG.run(TestNG.java:1017)
	at org.testng.remote.AbstractRemoteTestNG.run(AbstractRemoteTestNG.java:114)
	at org.testng.remote.RemoteTestNG.initAndRun(RemoteTestNG.java:251)
	at org.testng.remote.RemoteTestNG.main(RemoteTestNG.java:77)
</pre></div></td>
<td>4</td>
<td>com.qa.purchaseorder.testcase.PuchaseOrderTest@233795b6</td></tr>
<tr>
<td title='com.qa.purchaseorder.testcase.PuchaseOrderTest.fill_Form_Test()'><b>fill_Form_Test</b><br>Test class: com.qa.purchaseorder.testcase.PuchaseOrderTest<br>Parameters: {Are you making this request on behalf of someone else?(onBehalf)=No, Unit price (excl. GST)(lineItemUnitPrice5)= , Email address(emailAddress)= , First name(givenName)=Sophie, Description(lineItemDescription5)= , Project code(deptProjCode)= , Is this request for BOC(typeOfRequest)=No, Quantity(lineItemQuantity4)= , Is the request to be charged to a(requestToBeChargedTo)=Department/Service Division, Enter BOC customer account number(bocCustomerAccount)= , UPI/Username(uid)=ZAI148, Upload PhD PReSS account spreadsheet(pressAccount)= , Supplier number(supplierNumber)=0000010755, Upload details of the split you require(costCentreSPlitUpload)= , Cost centre code(costCentre)=1644, Supplier product code(lineItemSupplierPartID5)= , Internal UOA Product Code(internalProductCode)= , Select the department, faculty or service division this request is for:(departmentFaculty)=Faculty of Science, Delivery room number(deliveryRoomNumber)=140, Delivery city(deliveryCity)=Auckland, Suppress PO price from supplier?(suppressPoAmount)= , Description(lineItemDescription)=Autoclave Safety Valve Callibration, How many line items are you requesting?(numberOfLineItems)=1, Select the faculty or service division this request is for:(facultyServiceDiv)=Financial Services, First name(fName)= , Unit price (excl. GST)(lineItemUnitPrice6)= , Request-Status=180925-000008, Description(lineItemDescription6)= , Topic Id=1580, Delivery building number(deliveryBuildingNumber)=903, Quantity(lineItemQuantity)=1, Quantity(lineItemQuantity3)= , Supplier product code(lineItemSupplierPartID6)= , Date goods/services are needed(dateNeeded)=28/10/2018, Last name(lName)= , UPI/Username(requestorUpi)= , Supplier product code(lineItemSupplierPartID2)= , The requestor is(isStudent)=Staff, Upload additional documents(Upload1)= , Internal UOA Product Code(internalUoaProductCode1)= , Queue Id=205, Please select one(isStudent)= , Account code(accountCode)=775040, Unit price (excl. GST)(lineItemUnitPrice2)= , FORM_SUBMIT_DATE=03/10/2018 10:03:27, Supplier product code(lineItemSupplierPartID)=001, Are you making this request on behalf of someone else? e.g. someone else is the primary contact for this order(onBehalf)=No, Do you want to split this purchase order across cost centres, account codes or projects?(costCentreSplit)=No, Description(lineItemDescription3)= , Additional information(additionalInformation)= , Delivery address line 2(deliveryAddress2)=CBD, acknowledgement(acknowledgement)=I acknowledge that this request complies with University of Auckland Procurement Policy, Form Submission PDF(formSubmissionPDF)=, Quantity(lineItemQuantity2)= , Quantity(lineItemQuantity6)= , Project code(researchProjCode)= , Last name(sn)=Tregonning, Submitter=stre841, Supplier product code(lineItemSupplierPartID3)= , Upload 3(upload3)= , Request currency(requestCurrency)=NZD (New Zealand), Please provide your supervisor's UPI/Username(supervisorUPI)= , Upload 2(upload2)= , Supplier notes(supplierNotes)=Testing Supplier notes , Description(lineItemDescription2)= , Project code(phdProjCode)= , Account code(accountCodePress)= , Upload supervisors approval(supvApproval)= , Unit price (excl. GST)(lineItemUnitPrice3)= , Delivery post code(deliveryPostCode)=1023, Unit price (excl. GST)(lineItemUnitPrice4)= , Upload additional documents(upload2)=, Internal UOA Product Code(internalProductCode2)= , Description(lineItemDescription4)= , Upload additional documents for the supplier(Upload1)=, Email address(mail)=s.tregonning@auckland.ac.nz, Enter any additional notes about the split(splitComments)= , Quantity(lineItemQuantity5)= , Please attach a supporting document if there are more than 6 items(moreThanSixFile)= , Supplier product code(lineItemSupplierPartID4)= , Unit price (excl. GST)(lineItemUnitPrice)=134.9, Delivery address line 1(deliveryAddress1)=262 Khyber Pass, Supplier name(supplierName)=WIKA Instruments Limited}</td>
<td><div><pre>java.lang.AssertionError: Missing/incorrect values provided to the fields in the form expected [true] but found [false]
	at org.testng.Assert.fail(Assert.java:96)
	at org.testng.Assert.failNotEquals(Assert.java:776)
	at org.testng.Assert.assertEqualsImpl(Assert.java:137)
	at org.testng.Assert.assertEquals(Assert.java:118)
	at org.testng.Assert.assertEquals(Assert.java:568)
	at com.qa.purchaseorder.testcase.PuchaseOrderTest.fill_Form_Test(PuchaseOrderTest.java:334)
	at sun.reflect.NativeMethodAccessorImpl.invoke0(Native Method)
	at sun.reflect.NativeMethodAccessorImpl.invoke(NativeMethodAccessorImpl.java:62)
	at sun.reflect.DelegatingMethodAccessorImpl.invoke(DelegatingMethodAccessorImpl.java:43)
	at java.lang.reflect.Method.invoke(Method.java:498)
	at org.testng.internal.MethodInvocationHelper.invokeMethod(MethodInvocationHelper.java:124)
	at org.testng.internal.Invoker.invokeMethod(Invoker.java:580)
	at org.testng.internal.Invoker.invokeTestMethod(Invoker.java:716)
	at org.testng.internal.Invoker.invokeTestMethods(Invoker.java:988)
	at org.testng.internal.TestMethodWorker.invokeTestMethods(TestMethodWorker.java:125)
	at org.testng.internal.TestMethodWorker.run(TestMethodWorker.java:109)
	at org.testng.TestRunner.privateRun(TestRunner.java:648)
	at org.testng.TestRunner.run(TestRunner.java:505)
	at org.testng.SuiteRunner.runTest(SuiteRunner.java:455)
	at org.testng.SuiteRunner.runSequentially(SuiteRunner.java:450)
	at org.testng.SuiteRunner.privateRun(SuiteRunner.java:415)
	at org.testng.SuiteRunner.run(SuiteRunner.java:364)
	at org.testng.SuiteRunnerWorker.runSuite(SuiteRunnerWorker.java:52)
	at org.testng.SuiteRunnerWorker.run(SuiteRunnerWorker.java:84)
	at org.testng.TestNG.runSuitesSequentially(TestNG.java:1208)
	at org.testng.TestNG.runSuitesLocally(TestNG.java:1137)
	at org.testng.TestNG.runSuites(TestNG.java:1049)
	at org.testng.TestNG.run(TestNG.java:1017)
	at org.testng.remote.AbstractRemoteTestNG.run(AbstractRemoteTestNG.java:114)
	at org.testng.remote.RemoteTestNG.initAndRun(RemoteTestNG.java:251)
	at org.testng.remote.RemoteTestNG.main(RemoteTestNG.java:77)
</pre></div><a href='#' onClick='toggleBox("stack-trace573242471", this, "Click to show all stack frames", "Click to hide stack frames")'>Click to show all stack frames</a>
<div class='stack-trace' id='stack-trace573242471'><pre>java.lang.AssertionError: Missing/incorrect values provided to the fields in the form expected [true] but found [false]
	at org.testng.Assert.fail(Assert.java:96)
	at org.testng.Assert.failNotEquals(Assert.java:776)
	at org.testng.Assert.assertEqualsImpl(Assert.java:137)
	at org.testng.Assert.assertEquals(Assert.java:118)
	at org.testng.Assert.assertEquals(Assert.java:568)
	at com.qa.purchaseorder.testcase.PuchaseOrderTest.fill_Form_Test(PuchaseOrderTest.java:334)
	at sun.reflect.NativeMethodAccessorImpl.invoke0(Native Method)
	at sun.reflect.NativeMethodAccessorImpl.invoke(NativeMethodAccessorImpl.java:62)
	at sun.reflect.DelegatingMethodAccessorImpl.invoke(DelegatingMethodAccessorImpl.java:43)
	at java.lang.reflect.Method.invoke(Method.java:498)
	at org.testng.internal.MethodInvocationHelper.invokeMethod(MethodInvocationHelper.java:124)
	at org.testng.internal.Invoker.invokeMethod(Invoker.java:580)
	at org.testng.internal.Invoker.invokeTestMethod(Invoker.java:716)
	at org.testng.internal.Invoker.invokeTestMethods(Invoker.java:988)
	at org.testng.internal.TestMethodWorker.invokeTestMethods(TestMethodWorker.java:125)
	at org.testng.internal.TestMethodWorker.run(TestMethodWorker.java:109)
	at org.testng.TestRunner.privateRun(TestRunner.java:648)
	at org.testng.TestRunner.run(TestRunner.java:505)
	at org.testng.SuiteRunner.runTest(SuiteRunner.java:455)
	at org.testng.SuiteRunner.runSequentially(SuiteRunner.java:450)
	at org.testng.SuiteRunner.privateRun(SuiteRunner.java:415)
	at org.testng.SuiteRunner.run(SuiteRunner.java:364)
	at org.testng.SuiteRunnerWorker.runSuite(SuiteRunnerWorker.java:52)
	at org.testng.SuiteRunnerWorker.run(SuiteRunnerWorker.java:84)
	at org.testng.TestNG.runSuitesSequentially(TestNG.java:1208)
	at org.testng.TestNG.runSuitesLocally(TestNG.java:1137)
	at org.testng.TestNG.runSuites(TestNG.java:1049)
	at org.testng.TestNG.run(TestNG.java:1017)
	at org.testng.remote.AbstractRemoteTestNG.run(AbstractRemoteTestNG.java:114)
	at org.testng.remote.RemoteTestNG.initAndRun(RemoteTestNG.java:251)
	at org.testng.remote.RemoteTestNG.main(RemoteTestNG.java:77)
</pre></div></td>
<td>3</td>
<td>com.qa.purchaseorder.testcase.PuchaseOrderTest@233795b6</td></tr>
<tr>
<td title='com.qa.purchaseorder.testcase.PuchaseOrderTest.fill_Form_Test()'><b>fill_Form_Test</b><br>Test class: com.qa.purchaseorder.testcase.PuchaseOrderTest<br>Parameters: {Are you making this request on behalf of someone else?(onBehalf)=No, Unit price (excl. GST)(lineItemUnitPrice5)= , Email address(emailAddress)= , First name(givenName)=Sophie, Description(lineItemDescription5)= , Project code(deptProjCode)= , Is this request for BOC(typeOfRequest)=No, Quantity(lineItemQuantity4)= , Is the request to be charged to a(requestToBeChargedTo)=Department/Service Division, Enter BOC customer account number(bocCustomerAccount)= , UPI/Username(uid)=ZAI148, Upload PhD PReSS account spreadsheet(pressAccount)= , Supplier number(supplierNumber)=0000010755, Upload details of the split you require(costCentreSPlitUpload)= , Cost centre code(costCentre)=1644, Supplier product code(lineItemSupplierPartID5)= , Internal UOA Product Code(internalProductCode)= , Select the department, faculty or service division this request is for:(departmentFaculty)=Faculty of Science, Delivery room number(deliveryRoomNumber)=140, Delivery city(deliveryCity)=Auckland, Suppress PO price from supplier?(suppressPoAmount)= , Description(lineItemDescription)=Autoclave Safety Valve Callibration, How many line items are you requesting?(numberOfLineItems)=1, Select the faculty or service division this request is for:(facultyServiceDiv)=Financial Services, First name(fName)= , Unit price (excl. GST)(lineItemUnitPrice6)= , Request-Status=180925-000008, Description(lineItemDescription6)= , Topic Id=1580, Delivery building number(deliveryBuildingNumber)=903, Quantity(lineItemQuantity)=1, Quantity(lineItemQuantity3)= , Supplier product code(lineItemSupplierPartID6)= , Date goods/services are needed(dateNeeded)=28/10/2018, Last name(lName)= , UPI/Username(requestorUpi)= , Supplier product code(lineItemSupplierPartID2)= , The requestor is(isStudent)=Staff, Upload additional documents(Upload1)= , Internal UOA Product Code(internalUoaProductCode1)= , Queue Id=205, Please select one(isStudent)= , Account code(accountCode)=775040, Unit price (excl. GST)(lineItemUnitPrice2)= , FORM_SUBMIT_DATE=03/10/2018 10:03:27, Supplier product code(lineItemSupplierPartID)=001, Are you making this request on behalf of someone else? e.g. someone else is the primary contact for this order(onBehalf)=No, Do you want to split this purchase order across cost centres, account codes or projects?(costCentreSplit)=No, Description(lineItemDescription3)= , Additional information(additionalInformation)= , Delivery address line 2(deliveryAddress2)=CBD, acknowledgement(acknowledgement)=I acknowledge that this request complies with University of Auckland Procurement Policy, Form Submission PDF(formSubmissionPDF)=, Quantity(lineItemQuantity2)= , Quantity(lineItemQuantity6)= , Project code(researchProjCode)= , Last name(sn)=Tregonning, Submitter=stre841, Supplier product code(lineItemSupplierPartID3)= , Upload 3(upload3)= , Request currency(requestCurrency)=NZD (New Zealand), Please provide your supervisor's UPI/Username(supervisorUPI)= , Upload 2(upload2)= , Supplier notes(supplierNotes)=Testing Supplier notes , Description(lineItemDescription2)= , Project code(phdProjCode)= , Account code(accountCodePress)= , Upload supervisors approval(supvApproval)= , Unit price (excl. GST)(lineItemUnitPrice3)= , Delivery post code(deliveryPostCode)=1023, Unit price (excl. GST)(lineItemUnitPrice4)= , Upload additional documents(upload2)=, Internal UOA Product Code(internalProductCode2)= , Description(lineItemDescription4)= , Upload additional documents for the supplier(Upload1)=, Email address(mail)=s.tregonning@auckland.ac.nz, Enter any additional notes about the split(splitComments)= , Quantity(lineItemQuantity5)= , Please attach a supporting document if there are more than 6 items(moreThanSixFile)= , Supplier product code(lineItemSupplierPartID4)= , Unit price (excl. GST)(lineItemUnitPrice)=134.9, Delivery address line 1(deliveryAddress1)=262 Khyber Pass, Supplier name(supplierName)=WIKA Instruments Limited}</td>
<td><div><pre>java.lang.AssertionError: Missing/incorrect values provided to the fields in the form expected [true] but found [false]
	at org.testng.Assert.fail(Assert.java:96)
	at org.testng.Assert.failNotEquals(Assert.java:776)
	at org.testng.Assert.assertEqualsImpl(Assert.java:137)
	at org.testng.Assert.assertEquals(Assert.java:118)
	at org.testng.Assert.assertEquals(Assert.java:568)
	at com.qa.purchaseorder.testcase.PuchaseOrderTest.fill_Form_Test(PuchaseOrderTest.java:334)
	at sun.reflect.NativeMethodAccessorImpl.invoke0(Native Method)
	at sun.reflect.NativeMethodAccessorImpl.invoke(NativeMethodAccessorImpl.java:62)
	at sun.reflect.DelegatingMethodAccessorImpl.invoke(DelegatingMethodAccessorImpl.java:43)
	at java.lang.reflect.Method.invoke(Method.java:498)
	at org.testng.internal.MethodInvocationHelper.invokeMethod(MethodInvocationHelper.java:124)
	at org.testng.internal.Invoker.invokeMethod(Invoker.java:580)
	at org.testng.internal.Invoker.invokeTestMethod(Invoker.java:716)
	at org.testng.internal.Invoker.invokeTestMethods(Invoker.java:988)
	at org.testng.internal.TestMethodWorker.invokeTestMethods(TestMethodWorker.java:125)
	at org.testng.internal.TestMethodWorker.run(TestMethodWorker.java:109)
	at org.testng.TestRunner.privateRun(TestRunner.java:648)
	at org.testng.TestRunner.run(TestRunner.java:505)
	at org.testng.SuiteRunner.runTest(SuiteRunner.java:455)
	at org.testng.SuiteRunner.runSequentially(SuiteRunner.java:450)
	at org.testng.SuiteRunner.privateRun(SuiteRunner.java:415)
	at org.testng.SuiteRunner.run(SuiteRunner.java:364)
	at org.testng.SuiteRunnerWorker.runSuite(SuiteRunnerWorker.java:52)
	at org.testng.SuiteRunnerWorker.run(SuiteRunnerWorker.java:84)
	at org.testng.TestNG.runSuitesSequentially(TestNG.java:1208)
	at org.testng.TestNG.runSuitesLocally(TestNG.java:1137)
	at org.testng.TestNG.runSuites(TestNG.java:1049)
	at org.testng.TestNG.run(TestNG.java:1017)
	at org.testng.remote.AbstractRemoteTestNG.run(AbstractRemoteTestNG.java:114)
	at org.testng.remote.RemoteTestNG.initAndRun(RemoteTestNG.java:251)
	at org.testng.remote.RemoteTestNG.main(RemoteTestNG.java:77)
</pre></div><a href='#' onClick='toggleBox("stack-trace395257482", this, "Click to show all stack frames", "Click to hide stack frames")'>Click to show all stack frames</a>
<div class='stack-trace' id='stack-trace395257482'><pre>java.lang.AssertionError: Missing/incorrect values provided to the fields in the form expected [true] but found [false]
	at org.testng.Assert.fail(Assert.java:96)
	at org.testng.Assert.failNotEquals(Assert.java:776)
	at org.testng.Assert.assertEqualsImpl(Assert.java:137)
	at org.testng.Assert.assertEquals(Assert.java:118)
	at org.testng.Assert.assertEquals(Assert.java:568)
	at com.qa.purchaseorder.testcase.PuchaseOrderTest.fill_Form_Test(PuchaseOrderTest.java:334)
	at sun.reflect.NativeMethodAccessorImpl.invoke0(Native Method)
	at sun.reflect.NativeMethodAccessorImpl.invoke(NativeMethodAccessorImpl.java:62)
	at sun.reflect.DelegatingMethodAccessorImpl.invoke(DelegatingMethodAccessorImpl.java:43)
	at java.lang.reflect.Method.invoke(Method.java:498)
	at org.testng.internal.MethodInvocationHelper.invokeMethod(MethodInvocationHelper.java:124)
	at org.testng.internal.Invoker.invokeMethod(Invoker.java:580)
	at org.testng.internal.Invoker.invokeTestMethod(Invoker.java:716)
	at org.testng.internal.Invoker.invokeTestMethods(Invoker.java:988)
	at org.testng.internal.TestMethodWorker.invokeTestMethods(TestMethodWorker.java:125)
	at org.testng.internal.TestMethodWorker.run(TestMethodWorker.java:109)
	at org.testng.TestRunner.privateRun(TestRunner.java:648)
	at org.testng.TestRunner.run(TestRunner.java:505)
	at org.testng.SuiteRunner.runTest(SuiteRunner.java:455)
	at org.testng.SuiteRunner.runSequentially(SuiteRunner.java:450)
	at org.testng.SuiteRunner.privateRun(SuiteRunner.java:415)
	at org.testng.SuiteRunner.run(SuiteRunner.java:364)
	at org.testng.SuiteRunnerWorker.runSuite(SuiteRunnerWorker.java:52)
	at org.testng.SuiteRunnerWorker.run(SuiteRunnerWorker.java:84)
	at org.testng.TestNG.runSuitesSequentially(TestNG.java:1208)
	at org.testng.TestNG.runSuitesLocally(TestNG.java:1137)
	at org.testng.TestNG.runSuites(TestNG.java:1049)
	at org.testng.TestNG.run(TestNG.java:1017)
	at org.testng.remote.AbstractRemoteTestNG.run(AbstractRemoteTestNG.java:114)
	at org.testng.remote.RemoteTestNG.initAndRun(RemoteTestNG.java:251)
	at org.testng.remote.RemoteTestNG.main(RemoteTestNG.java:77)
</pre></div></td>
<td>3</td>
<td>com.qa.purchaseorder.testcase.PuchaseOrderTest@233795b6</td></tr>
<tr>
<td title='com.qa.purchaseorder.testcase.PuchaseOrderTest.fill_Form_Test()'><b>fill_Form_Test</b><br>Test class: com.qa.purchaseorder.testcase.PuchaseOrderTest<br>Parameters: {Are you making this request on behalf of someone else?(onBehalf)=No, Unit price (excl. GST)(lineItemUnitPrice5)= , Email address(emailAddress)= , First name(givenName)=Sophie, Description(lineItemDescription5)= , Project code(deptProjCode)= , Is this request for BOC(typeOfRequest)=No, Quantity(lineItemQuantity4)= , Is the request to be charged to a(requestToBeChargedTo)=Department/Service Division, Enter BOC customer account number(bocCustomerAccount)= , UPI/Username(uid)=ZAI148, Upload PhD PReSS account spreadsheet(pressAccount)= , Supplier number(supplierNumber)=0000010755, Upload details of the split you require(costCentreSPlitUpload)= , Cost centre code(costCentre)=1644, Supplier product code(lineItemSupplierPartID5)= , Internal UOA Product Code(internalProductCode)= , Select the department, faculty or service division this request is for:(departmentFaculty)=Faculty of Science, Delivery room number(deliveryRoomNumber)=140, Delivery city(deliveryCity)=Auckland, Suppress PO price from supplier?(suppressPoAmount)= , Description(lineItemDescription)=Autoclave Safety Valve Callibration, How many line items are you requesting?(numberOfLineItems)=1, Select the faculty or service division this request is for:(facultyServiceDiv)=Financial Services, First name(fName)= , Unit price (excl. GST)(lineItemUnitPrice6)= , Request-Status=180925-000008, Description(lineItemDescription6)= , Topic Id=1580, Delivery building number(deliveryBuildingNumber)=903, Quantity(lineItemQuantity)=1, Quantity(lineItemQuantity3)= , Supplier product code(lineItemSupplierPartID6)= , Date goods/services are needed(dateNeeded)=28/10/2018, Last name(lName)= , UPI/Username(requestorUpi)= , Supplier product code(lineItemSupplierPartID2)= , The requestor is(isStudent)=Staff, Upload additional documents(Upload1)= , Internal UOA Product Code(internalUoaProductCode1)= , Queue Id=205, Please select one(isStudent)= , Account code(accountCode)=775040, Unit price (excl. GST)(lineItemUnitPrice2)= , FORM_SUBMIT_DATE=03/10/2018 10:03:27, Supplier product code(lineItemSupplierPartID)=001, Are you making this request on behalf of someone else? e.g. someone else is the primary contact for this order(onBehalf)=No, Do you want to split this purchase order across cost centres, account codes or projects?(costCentreSplit)=No, Description(lineItemDescription3)= , Additional information(additionalInformation)= , Delivery address line 2(deliveryAddress2)=CBD, acknowledgement(acknowledgement)=I acknowledge that this request complies with University of Auckland Procurement Policy, Form Submission PDF(formSubmissionPDF)=, Quantity(lineItemQuantity2)= , Quantity(lineItemQuantity6)= , Project code(researchProjCode)= , Last name(sn)=Tregonning, Submitter=stre841, Supplier product code(lineItemSupplierPartID3)= , Upload 3(upload3)= , Request currency(requestCurrency)=NZD (New Zealand), Please provide your supervisor's UPI/Username(supervisorUPI)= , Upload 2(upload2)= , Supplier notes(supplierNotes)=Testing Supplier notes , Description(lineItemDescription2)= , Project code(phdProjCode)= , Account code(accountCodePress)= , Upload supervisors approval(supvApproval)= , Unit price (excl. GST)(lineItemUnitPrice3)= , Delivery post code(deliveryPostCode)=1023, Unit price (excl. GST)(lineItemUnitPrice4)= , Upload additional documents(upload2)=, Internal UOA Product Code(internalProductCode2)= , Description(lineItemDescription4)= , Upload additional documents for the supplier(Upload1)=, Email address(mail)=s.tregonning@auckland.ac.nz, Enter any additional notes about the split(splitComments)= , Quantity(lineItemQuantity5)= , Please attach a supporting document if there are more than 6 items(moreThanSixFile)= , Supplier product code(lineItemSupplierPartID4)= , Unit price (excl. GST)(lineItemUnitPrice)=134.9, Delivery address line 1(deliveryAddress1)=262 Khyber Pass, Supplier name(supplierName)=WIKA Instruments Limited}</td>
<td><div><pre>java.lang.AssertionError: Missing/incorrect values provided to the fields in the form expected [true] but found [false]
	at org.testng.Assert.fail(Assert.java:96)
	at org.testng.Assert.failNotEquals(Assert.java:776)
	at org.testng.Assert.assertEqualsImpl(Assert.java:137)
	at org.testng.Assert.assertEquals(Assert.java:118)
	at org.testng.Assert.assertEquals(Assert.java:568)
	at com.qa.purchaseorder.testcase.PuchaseOrderTest.fill_Form_Test(PuchaseOrderTest.java:334)
	at sun.reflect.NativeMethodAccessorImpl.invoke0(Native Method)
	at sun.reflect.NativeMethodAccessorImpl.invoke(NativeMethodAccessorImpl.java:62)
	at sun.reflect.DelegatingMethodAccessorImpl.invoke(DelegatingMethodAccessorImpl.java:43)
	at java.lang.reflect.Method.invoke(Method.java:498)
	at org.testng.internal.MethodInvocationHelper.invokeMethod(MethodInvocationHelper.java:124)
	at org.testng.internal.Invoker.invokeMethod(Invoker.java:580)
	at org.testng.internal.Invoker.invokeTestMethod(Invoker.java:716)
	at org.testng.internal.Invoker.invokeTestMethods(Invoker.java:988)
	at org.testng.internal.TestMethodWorker.invokeTestMethods(TestMethodWorker.java:125)
	at org.testng.internal.TestMethodWorker.run(TestMethodWorker.java:109)
	at org.testng.TestRunner.privateRun(TestRunner.java:648)
	at org.testng.TestRunner.run(TestRunner.java:505)
	at org.testng.SuiteRunner.runTest(SuiteRunner.java:455)
	at org.testng.SuiteRunner.runSequentially(SuiteRunner.java:450)
	at org.testng.SuiteRunner.privateRun(SuiteRunner.java:415)
	at org.testng.SuiteRunner.run(SuiteRunner.java:364)
	at org.testng.SuiteRunnerWorker.runSuite(SuiteRunnerWorker.java:52)
	at org.testng.SuiteRunnerWorker.run(SuiteRunnerWorker.java:84)
	at org.testng.TestNG.runSuitesSequentially(TestNG.java:1208)
	at org.testng.TestNG.runSuitesLocally(TestNG.java:1137)
	at org.testng.TestNG.runSuites(TestNG.java:1049)
	at org.testng.TestNG.run(TestNG.java:1017)
	at org.testng.remote.AbstractRemoteTestNG.run(AbstractRemoteTestNG.java:114)
	at org.testng.remote.RemoteTestNG.initAndRun(RemoteTestNG.java:251)
	at org.testng.remote.RemoteTestNG.main(RemoteTestNG.java:77)
</pre></div><a href='#' onClick='toggleBox("stack-trace971936990", this, "Click to show all stack frames", "Click to hide stack frames")'>Click to show all stack frames</a>
<div class='stack-trace' id='stack-trace971936990'><pre>java.lang.AssertionError: Missing/incorrect values provided to the fields in the form expected [true] but found [false]
	at org.testng.Assert.fail(Assert.java:96)
	at org.testng.Assert.failNotEquals(Assert.java:776)
	at org.testng.Assert.assertEqualsImpl(Assert.java:137)
	at org.testng.Assert.assertEquals(Assert.java:118)
	at org.testng.Assert.assertEquals(Assert.java:568)
	at com.qa.purchaseorder.testcase.PuchaseOrderTest.fill_Form_Test(PuchaseOrderTest.java:334)
	at sun.reflect.NativeMethodAccessorImpl.invoke0(Native Method)
	at sun.reflect.NativeMethodAccessorImpl.invoke(NativeMethodAccessorImpl.java:62)
	at sun.reflect.DelegatingMethodAccessorImpl.invoke(DelegatingMethodAccessorImpl.java:43)
	at java.lang.reflect.Method.invoke(Method.java:498)
	at org.testng.internal.MethodInvocationHelper.invokeMethod(MethodInvocationHelper.java:124)
	at org.testng.internal.Invoker.invokeMethod(Invoker.java:580)
	at org.testng.internal.Invoker.invokeTestMethod(Invoker.java:716)
	at org.testng.internal.Invoker.invokeTestMethods(Invoker.java:988)
	at org.testng.internal.TestMethodWorker.invokeTestMethods(TestMethodWorker.java:125)
	at org.testng.internal.TestMethodWorker.run(TestMethodWorker.java:109)
	at org.testng.TestRunner.privateRun(TestRunner.java:648)
	at org.testng.TestRunner.run(TestRunner.java:505)
	at org.testng.SuiteRunner.runTest(SuiteRunner.java:455)
	at org.testng.SuiteRunner.runSequentially(SuiteRunner.java:450)
	at org.testng.SuiteRunner.privateRun(SuiteRunner.java:415)
	at org.testng.SuiteRunner.run(SuiteRunner.java:364)
	at org.testng.SuiteRunnerWorker.runSuite(SuiteRunnerWorker.java:52)
	at org.testng.SuiteRunnerWorker.run(SuiteRunnerWorker.java:84)
	at org.testng.TestNG.runSuitesSequentially(TestNG.java:1208)
	at org.testng.TestNG.runSuitesLocally(TestNG.java:1137)
	at org.testng.TestNG.runSuites(TestNG.java:1049)
	at org.testng.TestNG.run(TestNG.java:1017)
	at org.testng.remote.AbstractRemoteTestNG.run(AbstractRemoteTestNG.java:114)
	at org.testng.remote.RemoteTestNG.initAndRun(RemoteTestNG.java:251)
	at org.testng.remote.RemoteTestNG.main(RemoteTestNG.java:77)
</pre></div></td>
<td>3</td>
<td>com.qa.purchaseorder.testcase.PuchaseOrderTest@233795b6</td></tr>
<tr>
<td title='com.qa.purchaseorder.testcase.PuchaseOrderTest.fill_Form_Test()'><b>fill_Form_Test</b><br>Test class: com.qa.purchaseorder.testcase.PuchaseOrderTest<br>Parameters: {Are you making this request on behalf of someone else?(onBehalf)=No, Unit price (excl. GST)(lineItemUnitPrice5)= , Email address(emailAddress)= , First name(givenName)=Sophie, Description(lineItemDescription5)= , Project code(deptProjCode)= , Is this request for BOC(typeOfRequest)=No, Quantity(lineItemQuantity4)= , Is the request to be charged to a(requestToBeChargedTo)=Department/Service Division, Enter BOC customer account number(bocCustomerAccount)= , UPI/Username(uid)=ZAI148, Upload PhD PReSS account spreadsheet(pressAccount)= , Supplier number(supplierNumber)=0000010755, Upload details of the split you require(costCentreSPlitUpload)= , Cost centre code(costCentre)=1644, Supplier product code(lineItemSupplierPartID5)= , Internal UOA Product Code(internalProductCode)= , Select the department, faculty or service division this request is for:(departmentFaculty)=Faculty of Science, Delivery room number(deliveryRoomNumber)=140, Delivery city(deliveryCity)=Auckland, Suppress PO price from supplier?(suppressPoAmount)= , Description(lineItemDescription)=Autoclave Safety Valve Callibration, How many line items are you requesting?(numberOfLineItems)=1, Select the faculty or service division this request is for:(facultyServiceDiv)=Financial Services, First name(fName)= , Unit price (excl. GST)(lineItemUnitPrice6)= , Request-Status=180925-000008, Description(lineItemDescription6)= , Topic Id=1580, Delivery building number(deliveryBuildingNumber)=903, Quantity(lineItemQuantity)=1, Quantity(lineItemQuantity3)= , Supplier product code(lineItemSupplierPartID6)= , Date goods/services are needed(dateNeeded)=28/10/2018, Last name(lName)= , UPI/Username(requestorUpi)= , Supplier product code(lineItemSupplierPartID2)= , The requestor is(isStudent)=Staff, Upload additional documents(Upload1)= , Internal UOA Product Code(internalUoaProductCode1)= , Queue Id=205, Please select one(isStudent)= , Account code(accountCode)=775040, Unit price (excl. GST)(lineItemUnitPrice2)= , FORM_SUBMIT_DATE=03/10/2018 10:03:27, Supplier product code(lineItemSupplierPartID)=001, Are you making this request on behalf of someone else? e.g. someone else is the primary contact for this order(onBehalf)=No, Do you want to split this purchase order across cost centres, account codes or projects?(costCentreSplit)=No, Description(lineItemDescription3)= , Additional information(additionalInformation)= , Delivery address line 2(deliveryAddress2)=CBD, acknowledgement(acknowledgement)=I acknowledge that this request complies with University of Auckland Procurement Policy, Form Submission PDF(formSubmissionPDF)=, Quantity(lineItemQuantity2)= , Quantity(lineItemQuantity6)= , Project code(researchProjCode)= , Last name(sn)=Tregonning, Submitter=stre841, Supplier product code(lineItemSupplierPartID3)= , Upload 3(upload3)= , Request currency(requestCurrency)=NZD (New Zealand), Please provide your supervisor's UPI/Username(supervisorUPI)= , Upload 2(upload2)= , Supplier notes(supplierNotes)=Testing Supplier notes , Description(lineItemDescription2)= , Project code(phdProjCode)= , Account code(accountCodePress)= , Upload supervisors approval(supvApproval)= , Unit price (excl. GST)(lineItemUnitPrice3)= , Delivery post code(deliveryPostCode)=1023, Unit price (excl. GST)(lineItemUnitPrice4)= , Upload additional documents(upload2)=, Internal UOA Product Code(internalProductCode2)= , Description(lineItemDescription4)= , Upload additional documents for the supplier(Upload1)=, Email address(mail)=s.tregonning@auckland.ac.nz, Enter any additional notes about the split(splitComments)= , Quantity(lineItemQuantity5)= , Please attach a supporting document if there are more than 6 items(moreThanSixFile)= , Supplier product code(lineItemSupplierPartID4)= , Unit price (excl. GST)(lineItemUnitPrice)=134.9, Delivery address line 1(deliveryAddress1)=262 Khyber Pass, Supplier name(supplierName)=WIKA Instruments Limited}</td>
<td><div><pre>java.lang.AssertionError: Missing/incorrect values provided to the fields in the form expected [true] but found [false]
	at org.testng.Assert.fail(Assert.java:96)
	at org.testng.Assert.failNotEquals(Assert.java:776)
	at org.testng.Assert.assertEqualsImpl(Assert.java:137)
	at org.testng.Assert.assertEquals(Assert.java:118)
	at org.testng.Assert.assertEquals(Assert.java:568)
	at com.qa.purchaseorder.testcase.PuchaseOrderTest.fill_Form_Test(PuchaseOrderTest.java:334)
	at sun.reflect.NativeMethodAccessorImpl.invoke0(Native Method)
	at sun.reflect.NativeMethodAccessorImpl.invoke(NativeMethodAccessorImpl.java:62)
	at sun.reflect.DelegatingMethodAccessorImpl.invoke(DelegatingMethodAccessorImpl.java:43)
	at java.lang.reflect.Method.invoke(Method.java:498)
	at org.testng.internal.MethodInvocationHelper.invokeMethod(MethodInvocationHelper.java:124)
	at org.testng.internal.Invoker.invokeMethod(Invoker.java:580)
	at org.testng.internal.Invoker.invokeTestMethod(Invoker.java:716)
	at org.testng.internal.Invoker.invokeTestMethods(Invoker.java:988)
	at org.testng.internal.TestMethodWorker.invokeTestMethods(TestMethodWorker.java:125)
	at org.testng.internal.TestMethodWorker.run(TestMethodWorker.java:109)
	at org.testng.TestRunner.privateRun(TestRunner.java:648)
	at org.testng.TestRunner.run(TestRunner.java:505)
	at org.testng.SuiteRunner.runTest(SuiteRunner.java:455)
	at org.testng.SuiteRunner.runSequentially(SuiteRunner.java:450)
	at org.testng.SuiteRunner.privateRun(SuiteRunner.java:415)
	at org.testng.SuiteRunner.run(SuiteRunner.java:364)
	at org.testng.SuiteRunnerWorker.runSuite(SuiteRunnerWorker.java:52)
	at org.testng.SuiteRunnerWorker.run(SuiteRunnerWorker.java:84)
	at org.testng.TestNG.runSuitesSequentially(TestNG.java:1208)
	at org.testng.TestNG.runSuitesLocally(TestNG.java:1137)
	at org.testng.TestNG.runSuites(TestNG.java:1049)
	at org.testng.TestNG.run(TestNG.java:1017)
	at org.testng.remote.AbstractRemoteTestNG.run(AbstractRemoteTestNG.java:114)
	at org.testng.remote.RemoteTestNG.initAndRun(RemoteTestNG.java:251)
	at org.testng.remote.RemoteTestNG.main(RemoteTestNG.java:77)
</pre></div><a href='#' onClick='toggleBox("stack-trace1401034827", this, "Click to show all stack frames", "Click to hide stack frames")'>Click to show all stack frames</a>
<div class='stack-trace' id='stack-trace1401034827'><pre>java.lang.AssertionError: Missing/incorrect values provided to the fields in the form expected [true] but found [false]
	at org.testng.Assert.fail(Assert.java:96)
	at org.testng.Assert.failNotEquals(Assert.java:776)
	at org.testng.Assert.assertEqualsImpl(Assert.java:137)
	at org.testng.Assert.assertEquals(Assert.java:118)
	at org.testng.Assert.assertEquals(Assert.java:568)
	at com.qa.purchaseorder.testcase.PuchaseOrderTest.fill_Form_Test(PuchaseOrderTest.java:334)
	at sun.reflect.NativeMethodAccessorImpl.invoke0(Native Method)
	at sun.reflect.NativeMethodAccessorImpl.invoke(NativeMethodAccessorImpl.java:62)
	at sun.reflect.DelegatingMethodAccessorImpl.invoke(DelegatingMethodAccessorImpl.java:43)
	at java.lang.reflect.Method.invoke(Method.java:498)
	at org.testng.internal.MethodInvocationHelper.invokeMethod(MethodInvocationHelper.java:124)
	at org.testng.internal.Invoker.invokeMethod(Invoker.java:580)
	at org.testng.internal.Invoker.invokeTestMethod(Invoker.java:716)
	at org.testng.internal.Invoker.invokeTestMethods(Invoker.java:988)
	at org.testng.internal.TestMethodWorker.invokeTestMethods(TestMethodWorker.java:125)
	at org.testng.internal.TestMethodWorker.run(TestMethodWorker.java:109)
	at org.testng.TestRunner.privateRun(TestRunner.java:648)
	at org.testng.TestRunner.run(TestRunner.java:505)
	at org.testng.SuiteRunner.runTest(SuiteRunner.java:455)
	at org.testng.SuiteRunner.runSequentially(SuiteRunner.java:450)
	at org.testng.SuiteRunner.privateRun(SuiteRunner.java:415)
	at org.testng.SuiteRunner.run(SuiteRunner.java:364)
	at org.testng.SuiteRunnerWorker.runSuite(SuiteRunnerWorker.java:52)
	at org.testng.SuiteRunnerWorker.run(SuiteRunnerWorker.java:84)
	at org.testng.TestNG.runSuitesSequentially(TestNG.java:1208)
	at org.testng.TestNG.runSuitesLocally(TestNG.java:1137)
	at org.testng.TestNG.runSuites(TestNG.java:1049)
	at org.testng.TestNG.run(TestNG.java:1017)
	at org.testng.remote.AbstractRemoteTestNG.run(AbstractRemoteTestNG.java:114)
	at org.testng.remote.RemoteTestNG.initAndRun(RemoteTestNG.java:251)
	at org.testng.remote.RemoteTestNG.main(RemoteTestNG.java:77)
</pre></div></td>
<td>3</td>
<td>com.qa.purchaseorder.testcase.PuchaseOrderTest@233795b6</td></tr>
</table><p>
</body>
</html>